{"C:\\Temp\\bholt\\fem-react-train-intermediate\\src\\Carousel.js": {"path":"C:\\Temp\\bholt\\fem-react-train-intermediate\\src\\Carousel.js","statementMap":{"0":{"start":{"line":9,"column":17},"end":{"line":9,"column":19}},"1":{"start":{"line":11,"column":4},"end":{"line":19,"column":5}},"2":{"start":{"line":16,"column":6},"end":{"line":18,"column":8}},"3":{"start":{"line":17,"column":17},"end":{"line":17,"column":40}},"4":{"start":{"line":21,"column":4},"end":{"line":23,"column":6}},"5":{"start":{"line":26,"column":4},"end":{"line":28,"column":7}},"6":{"start":{"line":31,"column":31},"end":{"line":31,"column":41}},"7":{"start":{"line":32,"column":4},"end":{"line":52,"column":6}},"8":{"start":{"line":37,"column":12},"end":{"line":48,"column":13}},"9":{"start":{"line":38,"column":14},"end":{"line":47,"column":16}}},"fnMap":{"0":{"name":"(anonymous_0)","decl":{"start":{"line":8,"column":2},"end":{"line":8,"column":3}},"loc":{"start":{"line":8,"column":45},"end":{"line":24,"column":3}},"line":8},"1":{"name":"(anonymous_1)","decl":{"start":{"line":17,"column":8},"end":{"line":17,"column":9}},"loc":{"start":{"line":17,"column":17},"end":{"line":17,"column":40}},"line":17},"2":{"name":"(anonymous_2)","decl":{"start":{"line":25,"column":21},"end":{"line":25,"column":22}},"loc":{"start":{"line":25,"column":30},"end":{"line":29,"column":3}},"line":25},"3":{"name":"(anonymous_3)","decl":{"start":{"line":30,"column":2},"end":{"line":30,"column":3}},"loc":{"start":{"line":30,"column":11},"end":{"line":53,"column":3}},"line":30},"4":{"name":"(anonymous_4)","decl":{"start":{"line":36,"column":22},"end":{"line":36,"column":23}},"loc":{"start":{"line":36,"column":40},"end":{"line":49,"column":11}},"line":36}},"branchMap":{"0":{"loc":{"start":{"line":11,"column":4},"end":{"line":19,"column":5}},"type":"if","locations":[{"start":{"line":11,"column":4},"end":{"line":19,"column":5}},{"start":{"line":11,"column":4},"end":{"line":19,"column":5}}],"line":11},"1":{"loc":{"start":{"line":12,"column":6},"end":{"line":14,"column":34}},"type":"binary-expr","locations":[{"start":{"line":12,"column":6},"end":{"line":12,"column":21}},{"start":{"line":13,"column":6},"end":{"line":13,"column":28}},{"start":{"line":14,"column":6},"end":{"line":14,"column":34}}],"line":12},"2":{"loc":{"start":{"line":37,"column":12},"end":{"line":48,"column":13}},"type":"if","locations":[{"start":{"line":37,"column":12},"end":{"line":48,"column":13}},{"start":{"line":37,"column":12},"end":{"line":48,"column":13}}],"line":37},"3":{"loc":{"start":{"line":44,"column":29},"end":{"line":44,"column":61}},"type":"cond-expr","locations":[{"start":{"line":44,"column":48},"end":{"line":44,"column":56}},{"start":{"line":44,"column":59},"end":{"line":44,"column":61}}],"line":44}},"s":{"0":0,"1":0,"2":0,"3":0,"4":0,"5":0,"6":0,"7":0,"8":0,"9":0},"f":{"0":0,"1":0,"2":0,"3":0,"4":0},"b":{"0":[0,0],"1":[0,0,0],"2":[0,0],"3":[0,0]},"_coverageSchema":"332fd63041d2c1bcb487cc26dd0d5f7d97098a6c","hash":"f92aa1f4c35630d145328881a6b7bb8d25d51d7c"}
,"C:\\Temp\\bholt\\fem-react-train-intermediate\\src\\Details.js": {"path":"C:\\Temp\\bholt\\fem-react-train-intermediate\\src\\Details.js","statementMap":{"0":{"start":{"line":7,"column":18},"end":{"line":10,"column":2}},"1":{"start":{"line":18,"column":22},"end":{"line":18,"column":73}},"2":{"start":{"line":21,"column":4},"end":{"line":46,"column":9}},"3":{"start":{"line":27,"column":20},"end":{"line":27,"column":38}},"4":{"start":{"line":29,"column":8},"end":{"line":33,"column":9}},"5":{"start":{"line":30,"column":10},"end":{"line":30,"column":46}},"6":{"start":{"line":32,"column":10},"end":{"line":32,"column":35}},"7":{"start":{"line":34,"column":8},"end":{"line":42,"column":11}},"8":{"start":{"line":45,"column":8},"end":{"line":45,"column":22}},"9":{"start":{"line":49,"column":4},"end":{"line":51,"column":5}},"10":{"start":{"line":50,"column":6},"end":{"line":50,"column":34}},"11":{"start":{"line":59,"column":8},"end":{"line":59,"column":18}},"12":{"start":{"line":61,"column":4},"end":{"line":82,"column":6}}},"fnMap":{"0":{"name":"(anonymous_0)","decl":{"start":{"line":18,"column":16},"end":{"line":18,"column":17}},"loc":{"start":{"line":18,"column":22},"end":{"line":18,"column":73}},"line":18},"1":{"name":"(anonymous_1)","decl":{"start":{"line":20,"column":2},"end":{"line":20,"column":3}},"loc":{"start":{"line":20,"column":22},"end":{"line":47,"column":3}},"line":20},"2":{"name":"(anonymous_2)","decl":{"start":{"line":26,"column":12},"end":{"line":26,"column":13}},"loc":{"start":{"line":26,"column":20},"end":{"line":43,"column":7}},"line":26},"3":{"name":"(anonymous_3)","decl":{"start":{"line":44,"column":13},"end":{"line":44,"column":14}},"loc":{"start":{"line":44,"column":19},"end":{"line":46,"column":7}},"line":44},"4":{"name":"(anonymous_4)","decl":{"start":{"line":48,"column":2},"end":{"line":48,"column":3}},"loc":{"start":{"line":48,"column":11},"end":{"line":83,"column":3}},"line":48}},"branchMap":{"0":{"loc":{"start":{"line":29,"column":8},"end":{"line":33,"column":9}},"type":"if","locations":[{"start":{"line":29,"column":8},"end":{"line":33,"column":9}},{"start":{"line":29,"column":8},"end":{"line":33,"column":9}}],"line":29},"1":{"loc":{"start":{"line":49,"column":4},"end":{"line":51,"column":5}},"type":"if","locations":[{"start":{"line":49,"column":4},"end":{"line":51,"column":5}},{"start":{"line":49,"column":4},"end":{"line":51,"column":5}}],"line":49},"2":{"loc":{"start":{"line":71,"column":11},"end":{"line":79,"column":18}},"type":"cond-expr","locations":[{"start":{"line":72,"column":12},"end":{"line":78,"column":20}},{"start":{"line":79,"column":14},"end":{"line":79,"column":18}}],"line":71}},"s":{"0":1,"1":1,"2":2,"3":0,"4":0,"5":0,"6":0,"7":0,"8":0,"9":3,"10":3,"11":0,"12":0},"f":{"0":1,"1":2,"2":0,"3":0,"4":3},"b":{"0":[0,0],"1":[3,0],"2":[0,0]},"_coverageSchema":"332fd63041d2c1bcb487cc26dd0d5f7d97098a6c","hash":"1923761e604a3e5ccc1873a4be6ac7e01a8ab5d4"}
,"C:\\Temp\\bholt\\fem-react-train-intermediate\\src\\Modal.js": {"path":"C:\\Temp\\bholt\\fem-react-train-intermediate\\src\\Modal.js","statementMap":{"0":{"start":{"line":4,"column":18},"end":{"line":4,"column":50}},"1":{"start":{"line":8,"column":4},"end":{"line":8,"column":17}},"2":{"start":{"line":9,"column":4},"end":{"line":9,"column":44}},"3":{"start":{"line":13,"column":4},"end":{"line":13,"column":35}},"4":{"start":{"line":17,"column":4},"end":{"line":17,"column":35}},"5":{"start":{"line":21,"column":4},"end":{"line":21,"column":54}}},"fnMap":{"0":{"name":"(anonymous_0)","decl":{"start":{"line":7,"column":2},"end":{"line":7,"column":3}},"loc":{"start":{"line":7,"column":21},"end":{"line":10,"column":3}},"line":7},"1":{"name":"(anonymous_1)","decl":{"start":{"line":12,"column":2},"end":{"line":12,"column":3}},"loc":{"start":{"line":12,"column":22},"end":{"line":14,"column":3}},"line":12},"2":{"name":"(anonymous_2)","decl":{"start":{"line":16,"column":2},"end":{"line":16,"column":3}},"loc":{"start":{"line":16,"column":25},"end":{"line":18,"column":3}},"line":16},"3":{"name":"(anonymous_3)","decl":{"start":{"line":20,"column":2},"end":{"line":20,"column":3}},"loc":{"start":{"line":20,"column":11},"end":{"line":22,"column":3}},"line":20}},"branchMap":{},"s":{"0":1,"1":0,"2":0,"3":0,"4":0,"5":0},"f":{"0":0,"1":0,"2":0,"3":0},"b":{},"_coverageSchema":"332fd63041d2c1bcb487cc26dd0d5f7d97098a6c","hash":"2501858f7764629d156cbce3f2b45f90831059a4"}
}
