TN:
SF:C:\Temp\bholt\fem-react-train-intermediate\src\Carousel.js
FN:8,(anonymous_0)
FN:17,(anonymous_1)
FN:25,(anonymous_2)
FN:30,(anonymous_3)
FN:36,(anonymous_4)
FNF:5
FNH:0
FNDA:0,(anonymous_0)
FNDA:0,(anonymous_1)
FNDA:0,(anonymous_2)
FNDA:0,(anonymous_3)
FNDA:0,(anonymous_4)
DA:9,0
DA:11,0
DA:16,0
DA:17,0
DA:21,0
DA:26,0
DA:31,0
DA:32,0
DA:37,0
DA:38,0
LF:10
LH:0
BRDA:11,0,0,0
BRDA:11,0,1,0
BRDA:12,1,0,0
BRDA:12,1,1,0
BRDA:12,1,2,0
BRDA:37,2,0,0
BRDA:37,2,1,0
BRDA:44,3,0,0
BRDA:44,3,1,0
BRF:9
BRH:0
end_of_record
TN:
SF:C:\Temp\bholt\fem-react-train-intermediate\src\Details.js
FN:18,(anonymous_0)
FN:20,(anonymous_1)
FN:26,(anonymous_2)
FN:44,(anonymous_3)
FN:48,(anonymous_4)
FNF:5
FNH:3
FNDA:1,(anonymous_0)
FNDA:2,(anonymous_1)
FNDA:0,(anonymous_2)
FNDA:0,(anonymous_3)
FNDA:3,(anonymous_4)
DA:7,1
DA:18,1
DA:21,2
DA:27,0
DA:29,0
DA:30,0
DA:32,0
DA:34,0
DA:45,0
DA:49,3
DA:50,3
DA:59,0
DA:61,0
LF:13
LH:5
BRDA:29,0,0,0
BRDA:29,0,1,0
BRDA:49,1,0,3
BRDA:49,1,1,0
BRDA:71,2,0,0
BRDA:71,2,1,0
BRF:6
BRH:1
end_of_record
TN:
SF:C:\Temp\bholt\fem-react-train-intermediate\src\Modal.js
FN:7,(anonymous_0)
FN:12,(anonymous_1)
FN:16,(anonymous_2)
FN:20,(anonymous_3)
FNF:4
FNH:0
FNDA:0,(anonymous_0)
FNDA:0,(anonymous_1)
FNDA:0,(anonymous_2)
FNDA:0,(anonymous_3)
DA:4,1
DA:8,0
DA:9,0
DA:13,0
DA:17,0
DA:21,0
LF:6
LH:1
BRF:0
BRH:0
end_of_record
